2022-07-02 at 21:12:40 | INFO | info message
2022-07-02 at 21:12:40 | WARNING | warn message
2022-07-02 at 21:12:40 | ERROR | log message
2022-07-02 21:18:29.525 | INFO     | __main__:info:35 - info message
2022-07-02 21:18:29.526 | WARNING  | __main__:warning:41 - warn message
2022-07-02 21:18:29.526 | ERROR    | __main__:error:44 - log message
2022-07-02 21:47:16.549 | INFO     | __main__:info:35 - info message
2022-07-02 21:49:12.154 | INFO     | logger:info:35 - wrapper use time 1.0054008960723877 s
2022-07-02 21:49:45.834 | INFO     | logger:info:35 - wrapper use time 1.0054316520690918 s
2022-07-02 21:49:45.839 | INFO     | logger:info:35 - wrapper use time 0.00018906593322753906 s
2022-07-02 21:50:19.473 | INFO     | logger:info:35 - wrapper use time 1.00136399269104 s
2022-07-02 21:50:25.632 | INFO     | logger:info:35 - wrapper use time 6.156726837158203 s
2022-07-02 21:50:34.998 | INFO     | logger:info:35 - wrapper use time 1.0011610984802246 s
2022-07-02 21:52:08.419 | INFO     | logger:info:35 - wrapper use time 93.41914391517639 s
2022-07-02 21:53:23.254 | INFO     | logger:info:35 - wrapper use time 1.0040099620819092 s
2022-07-02 21:53:28.885 | INFO     | logger:info:35 - wrapper use time 5.629324674606323 s
2022-07-02 21:53:31.977 | INFO     | logger:info:35 - wrapper use time 3.695487976074219e-05 s
2022-07-02 21:53:31.978 | WARNING  | logger:warning:41 - insert data fail and source data = insert into system_info(TIME,mem_free,mem_total,mem_percent,mem_used,cpu,disk1,disk2,disk3,disk4,disk5) value (%s,%s,%s,%s,%s,%s,%s,%s,%s,%s,%s)
2022-07-02 21:54:00.614 | INFO     | logger:info:35 - wrapper use time 1.0016062259674072 s
2022-07-02 21:54:04.053 | INFO     | logger:info:35 - wrapper use time 3.436392068862915 s
2022-07-02 21:54:04.054 | INFO     | logger:info:35 - wrapper use time 3.3855438232421875e-05 s
2022-07-02 22:01:01.638 | INFO     | logger:info:35 - wrapper use time 1.0011310577392578 s
2022-07-02 22:01:01.643 | INFO     | logger:info:35 - wrapper use time 0.0001571178436279297 s
2022-07-02 22:01:01.645 | INFO     | logger:info:35 - wrapper use time 7.390975952148438e-05 s
2022-07-02 22:01:41.502 | INFO     | logger:info:35 - wrapper use time 1.003425121307373 s
2022-07-02 22:01:41.504 | INFO     | logger:info:35 - wrapper use time 0.0001327991485595703 s
2022-07-02 22:01:41.505 | INFO     | logger:info:35 - wrapper use time 4.8160552978515625e-05 s
2022-07-02 22:02:20.569 | INFO     | logger:info:35 - wrapper use time 1.0050313472747803 s
2022-07-02 22:02:20.572 | INFO     | logger:info:35 - wrapper use time 0.00010704994201660156 s
2022-07-02 22:02:20.573 | INFO     | logger:info:35 - wrapper use time 3.62396240234375e-05 s
2022-07-02 22:06:01.974 | INFO     | logger:info:35 - wrapper use time 1.0052530765533447 s
2022-07-02 22:06:01.978 | INFO     | logger:info:35 - wrapper use time 0.00012421607971191406 s
2022-07-02 22:06:01.979 | INFO     | logger:info:35 - wrapper use time 7.104873657226562e-05 s
2022-07-02 22:07:34.016 | INFO     | logger:info:35 - wrapper use time 1.0041477680206299 s
2022-07-02 22:07:34.019 | INFO     | logger:info:35 - wrapper use time 0.00018715858459472656 s
2022-07-02 22:07:34.020 | INFO     | logger:info:35 - wrapper use time 3.814697265625e-05 s
2022-07-02 22:07:50.772 | WARNING  | logger:warning:41 - insert data fail and source data = insert into system_info(TIME,mem_free,mem_total,mem_percent,mem_used,cpu,disk1,disk2,disk3,disk4,disk5) value (%s,%s,%s,%s,%s,%s,%s,%s,%s,%s,%s)
2022-07-02 22:08:29.940 | INFO     | logger:info:35 - wrapper use time 1.0014967918395996 s
2022-07-02 22:08:29.945 | INFO     | logger:info:35 - wrapper use time 0.0001590251922607422 s
2022-07-02 22:08:29.945 | INFO     | logger:info:35 - wrapper use time 5.3882598876953125e-05 s
2022-07-02 22:09:36.538 | INFO     | logger:info:35 - wrapper use time 1.000807285308838 s
2022-07-02 22:09:36.547 | INFO     | logger:info:35 - wrapper use time 0.00023508071899414062 s
2022-07-02 22:09:36.548 | INFO     | logger:info:35 - wrapper use time 5.507469177246094e-05 s
2022-07-02 22:10:35.336 | INFO     | logger:info:35 - wrapper use time 1.0004470348358154 s
2022-07-02 22:10:35.338 | INFO     | logger:info:35 - wrapper use time 7.987022399902344e-05 s
2022-07-02 22:10:35.338 | INFO     | logger:info:35 - wrapper use time 2.384185791015625e-05 s
2022-07-02 22:14:04.706 | INFO     | logger:info:35 - wrapper use time 1.0010960102081299 s
2022-07-02 22:14:04.707 | INFO     | logger:info:35 - wrapper use time 0.000225067138671875 s
2022-07-02 22:14:04.708 | INFO     | logger:info:35 - wrapper use time 7.867813110351562e-06 s
2022-07-02 22:14:35.124 | INFO     | logger:info:35 - wrapper use time 1.0031590461730957 s
2022-07-02 22:14:35.125 | INFO     | logger:info:35 - wrapper use time 6.604194641113281e-05 s
2022-07-02 22:14:35.125 | INFO     | logger:info:35 - wrapper use time 1.0013580322265625e-05 s
2022-07-02 22:14:41.195 | INFO     | logger:info:35 - wrapper use time 1.0003619194030762 s
2022-07-02 22:14:41.198 | INFO     | logger:info:35 - wrapper use time 0.0001373291015625 s
2022-07-02 22:14:41.199 | INFO     | logger:info:35 - wrapper use time 0.00015211105346679688 s
2022-07-02 22:15:28.426 | INFO     | logger:info:35 - wrapper use time 1.0050151348114014 s
2022-07-02 22:15:28.430 | INFO     | logger:info:35 - wrapper use time 9.417533874511719e-05 s
2022-07-02 22:15:28.430 | INFO     | logger:info:35 - wrapper use time 3.409385681152344e-05 s
2022-07-02 22:15:51.735 | INFO     | logger:info:35 - wrapper use time 1.0039358139038086 s
2022-07-02 22:15:51.736 | INFO     | logger:info:35 - wrapper use time 0.00011706352233886719 s
2022-07-02 22:15:51.736 | INFO     | logger:info:35 - wrapper use time 2.5987625122070312e-05 s
2022-07-02 22:17:13.219 | INFO     | logger:info:35 - wrapper use time 1.0046870708465576 s
2022-07-02 22:17:13.221 | INFO     | logger:info:35 - wrapper use time 0.00011110305786132812 s
2022-07-02 22:17:13.222 | INFO     | logger:info:35 - wrapper use time 3.6716461181640625e-05 s
2022-07-02 22:17:47.477 | INFO     | logger:info:35 - wrapper use time 1.001451015472412 s
2022-07-02 22:17:47.478 | INFO     | logger:info:35 - wrapper use time 7.700920104980469e-05 s
2022-07-02 22:17:47.479 | INFO     | logger:info:35 - wrapper use time 2.5272369384765625e-05 s
2022-07-02 22:17:55.981 | WARNING  | logger:warning:41 - insert data fail and source data = insert into system_info(TIME,mem_free,mem_total,mem_percent,mem_used,cpu,disk1,disk2,disk3,disk4,disk5) value (%s,%s,%s,%s,%s,%s,%s,%s,%s,%s,%s)
2022-07-02 22:18:54.860 | INFO     | logger:info:35 - wrapper use time 1.0049018859863281 s
2022-07-02 22:18:54.861 | INFO     | logger:info:35 - wrapper use time 7.128715515136719e-05 s
2022-07-02 22:18:54.862 | INFO     | logger:info:35 - wrapper use time 2.4080276489257812e-05 s
2022-07-02 22:19:11.400 | WARNING  | logger:warning:41 - insert data fail and source data = insert into system_info(TIME,mem_free,mem_total,mem_percent,mem_used,cpu,disk1,disk2,disk3,disk4,disk5) value (%s,%s,%s,%s,%s,%s,%s,%s,%s,%s,%s)
2022-07-02 22:19:47.995 | INFO     | logger:info:35 - wrapper use time 1.0050780773162842 s
2022-07-02 22:19:47.997 | INFO     | logger:info:35 - wrapper use time 7.390975952148438e-05 s
2022-07-02 22:19:47.998 | INFO     | logger:info:35 - wrapper use time 3.790855407714844e-05 s
2022-07-02 22:19:57.963 | WARNING  | logger:warning:41 - insert data fail and source data = insert into system_info(TIME,mem_free,mem_total,mem_percent,mem_used,cpu,disk1,disk2,disk3,disk4,disk5) value (%s,%s,%s,%s,%s,%s,%s,%s,%s,%s,%s), 'Cursor' object has no attribute 'commit'
2022-07-02 22:34:59.361 | INFO     | logger:info:35 - wrapper use time 1.0012071132659912 s
2022-07-02 22:34:59.363 | INFO     | logger:info:35 - wrapper use time 9.107589721679688e-05 s
2022-07-02 22:34:59.363 | INFO     | logger:info:35 - wrapper use time 3.1948089599609375e-05 s
2022-07-02 22:57:07.682 | INFO     | logger:info:35 - wrapper use time 1.0041131973266602 s
2022-07-02 22:57:07.684 | INFO     | logger:info:35 - wrapper use time 7.796287536621094e-05 s
2022-07-02 22:57:07.684 | INFO     | logger:info:35 - wrapper use time 2.5033950805664062e-05 s
2022-07-02 22:57:32.823 | WARNING  | logger:warning:41 - insert data fail and source data = insert into system_info(TIME,mem_free,mem_total,mem_percent,mem_used,cpu,disk1,disk2,disk3,disk4,disk5) value (%s,%s,%s,%s,%s,%s,%s,%s,%s,%s,%s), 'Cursor' object has no attribute 'commit'
2022-07-02 23:00:31.851 | INFO     | logger:info:35 - wrapper use time 1.0014729499816895 s
2022-07-02 23:00:31.853 | INFO     | logger:info:35 - wrapper use time 7.605552673339844e-05 s
2022-07-02 23:00:31.853 | INFO     | logger:info:35 - wrapper use time 2.8848648071289062e-05 s
2022-07-04 10:22:01.220 | INFO     | logger:info:35 - wrapper use time 1.0043210983276367 s
2022-07-04 10:22:01.220 | INFO     | logger:info:35 - wrapper use time 4.1961669921875e-05 s
2022-07-04 10:22:01.221 | INFO     | logger:info:35 - wrapper use time 6.9141387939453125e-06 s
